ENVI Error [Sat Jan  7 13:24:09 2006]

math_doit: An error has occurred during processing

Error: "STRUPCASE: Variable is undefined: IN_EXP." The
result may be invalid.

ENVI Error [Sat Jan  7 13:24:09 2006]

envi_convert_file_map_projection: input file is not georeferenced.

ENVI Error [Sat Jan  7 13:24:56 2006]

math_doit: An error has occurred during processing

Error: "STRUPCASE: Variable is undefined: IN_EXP." The
result may be invalid.

ENVI Error [Sat Jan  7 13:24:56 2006]

envi_convert_file_map_projection: input file is not georeferenced.

ENVI Error [Sat Jan  7 13:27:02 2006]

math_doit: An error has occurred during processing

Error: "STRUPCASE: Variable is undefined: IN_EXP." The
result may be invalid.

ENVI Error [Sat Jan  7 13:27:02 2006]

envi_convert_file_map_projection: input file is not georeferenced.

ENVI Error [Sat Jan  7 13:29:49 2006]

math_doit: An error has occurred during processing

Error: "STRUPCASE: Variable is undefined: IN_EXP." The
result may be invalid.

ENVI Error [Sat Jan  7 13:29:49 2006]

envi_convert_file_map_projection: input file is not georeferenced.

ENVI Error [Sat Jan  7 13:30:52 2006]

math_doit: An error has occurred during processing

Error: "STRUPCASE: Variable is undefined: IN_EXP." The
result may be invalid.

ENVI Error [Sat Jan  7 13:30:52 2006]

envi_convert_file_map_projection: input file is not georeferenced.

ENVI Error [Sat Jan  7 13:35:41 2006]

math_doit: An error has occurred during processing

Error: "STRUPCASE: Variable is undefined: IN_EXP." The
result may be invalid.

ENVI Error [Sat Jan  7 13:35:41 2006]

envi_convert_file_map_projection: input file is not georeferenced.

ENVI Error [Sat Jan  7 13:36:27 2006]

math_doit: An error has occurred during processing

Error: "STRUPCASE: Variable is undefined: IN_EXP." The
result may be invalid.

ENVI Error [Sat Jan  7 13:36:27 2006]

envi_convert_file_map_projection: input file is not georeferenced.

ENVI Error [Sat Jan  7 13:37:10 2006]

math_doit: An error has occurred during processing

Error: "STRUPCASE: Variable is undefined: IN_EXP." The
result may be invalid.

ENVI Error [Sat Jan  7 13:37:10 2006]

envi_convert_file_map_projection: input file is not georeferenced.

